<?xml version="1.0" encoding="UTF-8"?>
<testsuite xmlns:xsi="http://www.w3.org/2001/XMLSchema-instance" xsi:noNamespaceSchemaLocation="https://maven.apache.org/surefire/maven-surefire-plugin/xsd/surefire-test-report.xsd" name="com.sup.service.AppTest" time="0.056" tests="3" errors="0" skipped="0" failures="0">
  <properties>
[...]
</properties>
  <testcase name="testwithPositives" classname="com.sup.service.AppTest" time="0.003"/>
  <testcase name="testWithNegatives" classname="com.sup.service.AppTest" time="0"/>
  <testcase name="testWithMixedValues" classname="com.sup.service.AppTest" time="0"/>
</testsuite>